0 info it worked if it ends with ok
1 verbose cli [ 'C:\\Program Files\\nodejs\\node.exe',
1 verbose cli   'C:\\Program Files\\nodejs\\node_modules\\npm\\bin\\npm-cli.js',
1 verbose cli   'start' ]
2 info using npm@3.10.10
3 info using node@v6.10.0
4 verbose run-script [ 'prestart', 'start', 'poststart' ]
5 info lifecycle my-project@1.0.0~prestart: my-project@1.0.0
6 silly lifecycle my-project@1.0.0~prestart: no script for prestart, continuing
7 info lifecycle my-project@1.0.0~start: my-project@1.0.0
8 verbose lifecycle my-project@1.0.0~start: unsafe-perm in lifecycle true
9 verbose lifecycle my-project@1.0.0~start: PATH: C:\Program Files\nodejs\node_modules\npm\bin\node-gyp-bin;C:\Users\chenwang\Documents\courses\SP17\web\graphQL\front-end\node_modules\.bin;C:\Program Files\nodejs\node_modules\npm\bin\node-gyp-bin;C:\Users\chenwang\Documents\courses\SP17\web\graphQL\node_modules\.bin;C:\Users\chenwang\AppData\Roaming\npm;C:\Program Files\nodejs\;C:\Python34\;C:\Python34\Scripts;C:\ProgramData\Oracle\Java\javapath;c:\Program Files (x86)\Intel\iCLS Client\;c:\Program Files\Intel\iCLS Client\;C:\Program Files\Broadcom\Broadcom 802.11;C:\windows\system32;C:\windows;C:\windows\System32\Wbem;C:\windows\System32\WindowsPowerShell\v1.0\;C:\Program Files (x86)\Intel\OpenCL SDK\3.0\bin\x86;C:\Program Files (x86)\Intel\OpenCL SDK\3.0\bin\x64;C:\Program Files\Intel\Intel(R) Management Engine Components\DAL;C:\Program Files\Intel\Intel(R) Management Engine Components\IPT;C:\Program Files (x86)\Intel\Intel(R) Management Engine Components\DAL;C:\Program Files (x86)\Intel\Intel(R) Management Engine Components\IPT;c:\Program Files\WIDCOMM\Bluetooth Software\;c:\Program Files\WIDCOMM\Bluetooth Software\syswow64;C:\Program Files\MATLAB\R2014b\runtime\win64;C:\Program Files\MATLAB\R2014b\bin;C:\Program Files\MiKTeX 2.9\miktex\bin\x64\;C:\Program Files (x86)\Java\jre1.8.0_91\bin\;C:\Python34\;C:\Program Files\Docker Toolbox\;C:\Program Files (x86)\Skype\Phone\;C:\msys64\mingw64\bin\cmake.exe;C:\HashiCorp\Vagrant\bin\;C:\Users\chenwang\.vagrant.d\boxes\laravel-VAGRANTSLASH-homestead\1.1.0\virtualbox\Homestead\;C:\xampp\php;C:\ProgramData\ComposerSetup\bin;C:\msys64\usr\bin;C:\Program Files\nodejs\;C:\Program Files\MongoDB\Server\3.4\bin;C:\Program Files\PuTTY\;C:\Program Files\Amazon\AWSCLI\;C:\Python34\;C:\Program Files (x86)\GDAL\;C:\Program Files\Docker Toolbox\;C:\Program Files (x86)\Google\Chrome\Application\;C:\msys64\mingw64\bin\cmake.exe\;C:\Users\chenwang\.vagrant.d\boxes\laravel-VAGRANTSLASH-homestead\1.1.0\virtualbox\Homestead\;C:\Users\chenwang\AppData\Roaming\Composer\vendor\bin;C:\msys64\usr\bin;C:\Users\chenwang\AppData\Roaming\npm;C:\Program Files\MongoDB\Server\3.4\bin;C:\Program Files\Amazon\AWSCLI
10 verbose lifecycle my-project@1.0.0~start: CWD: C:\Users\chenwang\Documents\courses\SP17\web\graphQL\front-end
11 silly lifecycle my-project@1.0.0~start: Args: [ '/d /s /c', 'node build/dev-server.js' ]
12 silly lifecycle my-project@1.0.0~start: Returned: code: 3221225786  signal: null
13 info lifecycle my-project@1.0.0~start: Failed to exec start script
14 verbose stack Error: my-project@1.0.0 start: `node build/dev-server.js`
14 verbose stack Exit status 3221225786
14 verbose stack     at EventEmitter.<anonymous> (C:\Program Files\nodejs\node_modules\npm\lib\utils\lifecycle.js:255:16)
14 verbose stack     at emitTwo (events.js:106:13)
14 verbose stack     at EventEmitter.emit (events.js:191:7)
14 verbose stack     at ChildProcess.<anonymous> (C:\Program Files\nodejs\node_modules\npm\lib\utils\spawn.js:40:14)
14 verbose stack     at emitTwo (events.js:106:13)
14 verbose stack     at ChildProcess.emit (events.js:191:7)
14 verbose stack     at maybeClose (internal/child_process.js:877:16)
14 verbose stack     at Process.ChildProcess._handle.onexit (internal/child_process.js:226:5)
15 verbose pkgid my-project@1.0.0
16 verbose cwd C:\Users\chenwang\Documents\courses\SP17\web\graphQL\front-end
17 error Windows_NT 6.1.7601
18 error argv "C:\\Program Files\\nodejs\\node.exe" "C:\\Program Files\\nodejs\\node_modules\\npm\\bin\\npm-cli.js" "start"
19 error node v6.10.0
20 error npm  v3.10.10
21 error code ELIFECYCLE
22 error my-project@1.0.0 start: `node build/dev-server.js`
22 error Exit status 3221225786
23 error Failed at the my-project@1.0.0 start script 'node build/dev-server.js'.
23 error Make sure you have the latest version of node.js and npm installed.
23 error If you do, this is most likely a problem with the my-project package,
23 error not with npm itself.
23 error Tell the author that this fails on your system:
23 error     node build/dev-server.js
23 error You can get information on how to open an issue for this project with:
23 error     npm bugs my-project
23 error Or if that isn't available, you can get their info via:
23 error     npm owner ls my-project
23 error There is likely additional logging output above.
24 verbose exit [ 1, true ]
